2023-06-27 22:13:09,204 CRIT Supervisor is running as root.  Privileges were not dropped because no user is specified in the config file.  If you intend to run as root, you can set user=root in the config file to avoid this message.
2023-06-27 22:13:09,208 WARN For [program:laravel-worker], redirect_stderr=true but stderr_logfile has also been set to a filename, the filename has been ignored
2023-06-27 22:13:09,213 WARN For [program:laravel-worker], redirect_stderr=true but stderr_logfile has also been set to a filename, the filename has been ignored
2023-06-27 22:13:09,214 INFO Included extra file "/etc/supervisord.d/cron.conf" during parsing
2023-06-27 22:13:09,214 INFO Included extra file "/etc/supervisord.d/laravel-worker.conf" during parsing
2023-06-27 22:13:09,216 INFO Included extra file "/etc/supervisord.d/php-fpm.conf" during parsing
2023-06-27 22:13:09,251 INFO RPC interface 'supervisor' initialized
2023-06-27 22:13:09,253 CRIT Server 'inet_http_server' running without any HTTP authentication checking
2023-06-27 22:13:09,262 INFO supervisord started with pid 9
2023-06-27 22:13:10,271 INFO spawned: 'cron' with pid 12
2023-06-27 22:13:10,278 INFO spawned: 'php-fpm' with pid 13
2023-06-27 22:13:10,290 INFO spawned: 'laravel-worker_00' with pid 14
2023-06-27 22:13:10,293 INFO spawned: 'laravel-worker_01' with pid 15
2023-06-27 22:13:10,441 INFO success: cron entered RUNNING state, process has stayed up for > than 0 seconds (startsecs)
2023-06-27 22:13:10,467 INFO exited: laravel-worker_01 (exit status 255; not expected)
2023-06-27 22:13:10,476 INFO exited: laravel-worker_00 (exit status 255; not expected)
2023-06-27 22:13:11,498 INFO success: php-fpm entered RUNNING state, process has stayed up for > than 1 seconds (startsecs)
2023-06-27 22:13:11,503 INFO spawned: 'laravel-worker_00' with pid 18
2023-06-27 22:13:11,510 INFO spawned: 'laravel-worker_01' with pid 19
2023-06-27 22:13:12,314 INFO exited: laravel-worker_01 (exit status 255; not expected)
2023-06-27 22:13:12,352 INFO exited: laravel-worker_00 (exit status 255; not expected)
2023-06-27 22:13:14,369 INFO spawned: 'laravel-worker_00' with pid 20
2023-06-27 22:13:14,374 INFO spawned: 'laravel-worker_01' with pid 21
2023-06-27 22:13:14,642 INFO exited: laravel-worker_00 (exit status 255; not expected)
2023-06-27 22:13:14,656 INFO exited: laravel-worker_01 (exit status 255; not expected)
2023-06-27 22:13:17,673 INFO spawned: 'laravel-worker_00' with pid 22
2023-06-27 22:13:17,704 INFO spawned: 'laravel-worker_01' with pid 23
2023-06-27 22:13:17,927 INFO exited: laravel-worker_01 (exit status 255; not expected)
2023-06-27 22:13:17,952 INFO gave up: laravel-worker_01 entered FATAL state, too many start retries too quickly
2023-06-27 22:13:17,958 INFO exited: laravel-worker_00 (exit status 255; not expected)
2023-06-27 22:13:18,965 INFO gave up: laravel-worker_00 entered FATAL state, too many start retries too quickly
2023-06-27 22:32:26,058 CRIT Supervisor is running as root.  Privileges were not dropped because no user is specified in the config file.  If you intend to run as root, you can set user=root in the config file to avoid this message.
2023-06-27 22:32:26,118 WARN For [program:laravel-worker], redirect_stderr=true but stderr_logfile has also been set to a filename, the filename has been ignored
2023-06-27 22:32:26,127 WARN For [program:laravel-worker], redirect_stderr=true but stderr_logfile has also been set to a filename, the filename has been ignored
2023-06-27 22:32:26,135 INFO Included extra file "/etc/supervisord.d/cron.conf" during parsing
2023-06-27 22:32:26,153 INFO Included extra file "/etc/supervisord.d/laravel-worker.conf" during parsing
2023-06-27 22:32:26,159 INFO Included extra file "/etc/supervisord.d/php-fpm.conf" during parsing
2023-06-27 22:32:26,268 INFO RPC interface 'supervisor' initialized
2023-06-27 22:32:26,288 CRIT Server 'inet_http_server' running without any HTTP authentication checking
2023-06-27 22:32:26,421 INFO supervisord started with pid 8
2023-06-27 22:32:27,475 INFO spawned: 'cron' with pid 11
2023-06-27 22:32:27,511 INFO spawned: 'php-fpm' with pid 12
2023-06-27 22:32:27,530 INFO spawned: 'laravel-worker_00' with pid 13
2023-06-27 22:32:27,557 INFO spawned: 'laravel-worker_01' with pid 14
2023-06-27 22:32:27,942 INFO success: cron entered RUNNING state, process has stayed up for > than 0 seconds (startsecs)
2023-06-27 22:32:27,986 INFO exited: laravel-worker_01 (exit status 255; not expected)
2023-06-27 22:32:27,987 INFO exited: laravel-worker_00 (exit status 255; not expected)
2023-06-27 22:32:28,994 INFO success: php-fpm entered RUNNING state, process has stayed up for > than 1 seconds (startsecs)
2023-06-27 22:32:29,041 INFO spawned: 'laravel-worker_00' with pid 17
2023-06-27 22:32:29,063 INFO spawned: 'laravel-worker_01' with pid 18
2023-06-27 22:32:29,234 INFO exited: laravel-worker_01 (exit status 255; not expected)
2023-06-27 22:32:29,237 INFO exited: laravel-worker_00 (exit status 255; not expected)
2023-06-27 22:32:31,296 INFO spawned: 'laravel-worker_00' with pid 19
2023-06-27 22:32:31,315 INFO spawned: 'laravel-worker_01' with pid 20
2023-06-27 22:32:31,428 INFO exited: laravel-worker_00 (exit status 255; not expected)
2023-06-27 22:32:31,459 INFO exited: laravel-worker_01 (exit status 255; not expected)
2023-06-27 22:32:34,487 INFO spawned: 'laravel-worker_00' with pid 21
2023-06-27 22:32:34,504 INFO spawned: 'laravel-worker_01' with pid 22
2023-06-27 22:32:34,665 INFO exited: laravel-worker_01 (exit status 255; not expected)
2023-06-27 22:32:34,668 INFO exited: laravel-worker_00 (exit status 255; not expected)
2023-06-27 22:32:35,672 INFO gave up: laravel-worker_00 entered FATAL state, too many start retries too quickly
2023-06-27 22:32:35,675 INFO gave up: laravel-worker_01 entered FATAL state, too many start retries too quickly
